{"C:\\Users\\patri\\Downloads\\Women-in-Technology\\website\\src\\App.js": {"path":"C:\\Users\\patri\\Downloads\\Women-in-Technology\\website\\src\\App.js","statementMap":{"0":{"start":{"line":21,"column":2},"end":{"line":42,"column":4}}},"fnMap":{"0":{"name":"App","decl":{"start":{"line":20,"column":9},"end":{"line":20,"column":12}},"loc":{"start":{"line":20,"column":15},"end":{"line":43,"column":1}},"line":20}},"branchMap":{},"s":{"0":2},"f":{"0":2},"b":{},"_coverageSchema":"1a1c01bbd47fc00a2c39e90264f33305004495a9","hash":"2b155c7895d5eb47f6376020c4228fd7d99ad700"}
,"C:\\Users\\patri\\Downloads\\Women-in-Technology\\website\\src\\components\\DarkMode.js": {"path":"C:\\Users\\patri\\Downloads\\Women-in-Technology\\website\\src\\components\\DarkMode.js","statementMap":{"0":{"start":{"line":4,"column":17},"end":{"line":43,"column":1}},"1":{"start":{"line":5,"column":22},"end":{"line":5,"column":31}},"2":{"start":{"line":6,"column":16},"end":{"line":6,"column":29}},"3":{"start":{"line":7,"column":22},"end":{"line":7,"column":29}},"4":{"start":{"line":8,"column":21},"end":{"line":8,"column":27}},"5":{"start":{"line":11,"column":3},"end":{"line":13,"column":4}},"6":{"start":{"line":12,"column":7},"end":{"line":12,"column":45}},"7":{"start":{"line":15,"column":3},"end":{"line":19,"column":4}},"8":{"start":{"line":16,"column":7},"end":{"line":16,"column":33}},"9":{"start":{"line":18,"column":7},"end":{"line":18,"column":38}},"10":{"start":{"line":21,"column":23},"end":{"line":33,"column":4}},"11":{"start":{"line":22,"column":7},"end":{"line":32,"column":8}},"12":{"start":{"line":23,"column":11},"end":{"line":23,"column":57}},"13":{"start":{"line":24,"column":11},"end":{"line":24,"column":51}},"14":{"start":{"line":25,"column":11},"end":{"line":25,"column":51}},"15":{"start":{"line":26,"column":11},"end":{"line":26,"column":30}},"16":{"start":{"line":28,"column":8},"end":{"line":28,"column":56}},"17":{"start":{"line":29,"column":8},"end":{"line":29,"column":45}},"18":{"start":{"line":30,"column":8},"end":{"line":30,"column":47}},"19":{"start":{"line":31,"column":8},"end":{"line":31,"column":26}},"20":{"start":{"line":35,"column":3},"end":{"line":42,"column":5}},"21":{"start":{"line":40,"column":25},"end":{"line":40,"column":39}}},"fnMap":{"0":{"name":"(anonymous_0)","decl":{"start":{"line":4,"column":17},"end":{"line":4,"column":18}},"loc":{"start":{"line":4,"column":23},"end":{"line":43,"column":1}},"line":4},"1":{"name":"(anonymous_1)","decl":{"start":{"line":21,"column":23},"end":{"line":21,"column":24}},"loc":{"start":{"line":21,"column":30},"end":{"line":33,"column":4}},"line":21},"2":{"name":"(anonymous_2)","decl":{"start":{"line":40,"column":18},"end":{"line":40,"column":19}},"loc":{"start":{"line":40,"column":25},"end":{"line":40,"column":39}},"line":40}},"branchMap":{"0":{"loc":{"start":{"line":11,"column":3},"end":{"line":13,"column":4}},"type":"if","locations":[{"start":{"line":11,"column":3},"end":{"line":13,"column":4}},{"start":{"line":11,"column":3},"end":{"line":13,"column":4}}],"line":11},"1":{"loc":{"start":{"line":15,"column":3},"end":{"line":19,"column":4}},"type":"if","locations":[{"start":{"line":15,"column":3},"end":{"line":19,"column":4}},{"start":{"line":15,"column":3},"end":{"line":19,"column":4}}],"line":15},"2":{"loc":{"start":{"line":15,"column":6},"end":{"line":15,"column":49}},"type":"binary-expr","locations":[{"start":{"line":15,"column":6},"end":{"line":15,"column":26}},{"start":{"line":15,"column":30},"end":{"line":15,"column":49}}],"line":15},"3":{"loc":{"start":{"line":22,"column":7},"end":{"line":32,"column":8}},"type":"if","locations":[{"start":{"line":22,"column":7},"end":{"line":32,"column":8}},{"start":{"line":22,"column":7},"end":{"line":32,"column":8}}],"line":22},"4":{"loc":{"start":{"line":37,"column":20},"end":{"line":37,"column":56}},"type":"cond-expr","locations":[{"start":{"line":37,"column":39},"end":{"line":37,"column":51}},{"start":{"line":37,"column":54},"end":{"line":37,"column":56}}],"line":37}},"s":{"0":3,"1":5,"2":5,"3":5,"4":5,"5":5,"6":5,"7":5,"8":1,"9":4,"10":5,"11":2,"12":1,"13":1,"14":1,"15":1,"16":1,"17":1,"18":1,"19":1,"20":5,"21":2},"f":{"0":5,"1":2,"2":2},"b":{"0":[5,0],"1":[1,4],"2":[5,5],"3":[1,1],"4":[1,4]},"_coverageSchema":"1a1c01bbd47fc00a2c39e90264f33305004495a9","hash":"c9802fdb69d32190ab8d9a5c25a19bd696544def"}
,"C:\\Users\\patri\\Downloads\\Women-in-Technology\\website\\src\\components\\Articles\\Articles.js": {"path":"C:\\Users\\patri\\Downloads\\Women-in-Technology\\website\\src\\components\\Articles\\Articles.js","statementMap":{"0":{"start":{"line":6,"column":2},"end":{"line":18,"column":4}},"1":{"start":{"line":13,"column":12},"end":{"line":13,"column":56}},"2":{"start":{"line":21,"column":25},"end":{"line":45,"column":1}},"3":{"start":{"line":22,"column":2},"end":{"line":44,"column":8}}},"fnMap":{"0":{"name":"ArticlesComponent","decl":{"start":{"line":5,"column":24},"end":{"line":5,"column":41}},"loc":{"start":{"line":5,"column":44},"end":{"line":19,"column":1}},"line":5},"1":{"name":"(anonymous_1)","decl":{"start":{"line":12,"column":21},"end":{"line":12,"column":22}},"loc":{"start":{"line":13,"column":12},"end":{"line":13,"column":56}},"line":13},"2":{"name":"(anonymous_2)","decl":{"start":{"line":21,"column":25},"end":{"line":21,"column":26}},"loc":{"start":{"line":22,"column":2},"end":{"line":44,"column":8}},"line":22}},"branchMap":{},"s":{"0":1,"1":13,"2":2,"3":13},"f":{"0":1,"1":13,"2":13},"b":{},"_coverageSchema":"1a1c01bbd47fc00a2c39e90264f33305004495a9","hash":"4fc6787da06d2f158b11732e7005c5508753d256"}
,"C:\\Users\\patri\\Downloads\\Women-in-Technology\\website\\src\\components\\BeginnersLinks\\BeginnersLinks.js": {"path":"C:\\Users\\patri\\Downloads\\Women-in-Technology\\website\\src\\components\\BeginnersLinks\\BeginnersLinks.js","statementMap":{"0":{"start":{"line":7,"column":2},"end":{"line":32,"column":4}}},"fnMap":{"0":{"name":"BeginnersLinks","decl":{"start":{"line":6,"column":24},"end":{"line":6,"column":38}},"loc":{"start":{"line":6,"column":41},"end":{"line":33,"column":1}},"line":6}},"branchMap":{},"s":{"0":1},"f":{"0":1},"b":{},"_coverageSchema":"1a1c01bbd47fc00a2c39e90264f33305004495a9","hash":"bc685bc3abd061064dbe5cdd1fe0a4971b619f99"}
,"C:\\Users\\patri\\Downloads\\Women-in-Technology\\website\\src\\components\\Card\\index.js": {"path":"C:\\Users\\patri\\Downloads\\Women-in-Technology\\website\\src\\components\\Card\\index.js","statementMap":{"0":{"start":{"line":14,"column":2},"end":{"line":43,"column":3}},"1":{"start":{"line":46,"column":0},"end":{"line":54,"column":1}}},"fnMap":{"0":{"name":"Card","decl":{"start":{"line":5,"column":24},"end":{"line":5,"column":28}},"loc":{"start":{"line":13,"column":3},"end":{"line":44,"column":1}},"line":13}},"branchMap":{"0":{"loc":{"start":{"line":16,"column":36},"end":{"line":16,"column":62}},"type":"binary-expr","locations":[{"start":{"line":16,"column":36},"end":{"line":16,"column":41}},{"start":{"line":16,"column":45},"end":{"line":16,"column":62}}],"line":16},"1":{"loc":{"start":{"line":19,"column":42},"end":{"line":19,"column":73}},"type":"binary-expr","locations":[{"start":{"line":19,"column":42},"end":{"line":19,"column":47}},{"start":{"line":19,"column":51},"end":{"line":19,"column":73}}],"line":19}},"s":{"0":25,"1":4},"f":{"0":25},"b":{"0":[25,1],"1":[25,1]},"_coverageSchema":"1a1c01bbd47fc00a2c39e90264f33305004495a9","hash":"8a0e2d2e7d4ca9bb4efe37fff49636868292d584"}
,"C:\\Users\\patri\\Downloads\\Women-in-Technology\\website\\src\\components\\CarouselCards\\index.js": {"path":"C:\\Users\\patri\\Downloads\\Women-in-Technology\\website\\src\\components\\CarouselCards\\index.js","statementMap":{"0":{"start":{"line":9,"column":23},"end":{"line":9,"column":35}},"1":{"start":{"line":10,"column":56},"end":{"line":13,"column":4}},"2":{"start":{"line":15,"column":2},"end":{"line":29,"column":9}},"3":{"start":{"line":17,"column":6},"end":{"line":20,"column":9}},"4":{"start":{"line":23,"column":4},"end":{"line":25,"column":5}},"5":{"start":{"line":24,"column":6},"end":{"line":24,"column":21}},"6":{"start":{"line":27,"column":4},"end":{"line":27,"column":52}},"7":{"start":{"line":28,"column":4},"end":{"line":28,"column":68}},"8":{"start":{"line":28,"column":17},"end":{"line":28,"column":67}},"9":{"start":{"line":32,"column":4},"end":{"line":34,"column":56}},"10":{"start":{"line":36,"column":24},"end":{"line":48,"column":3}},"11":{"start":{"line":38,"column":6},"end":{"line":46,"column":12}},"12":{"start":{"line":39,"column":20},"end":{"line":39,"column":48}},"13":{"start":{"line":40,"column":8},"end":{"line":44,"column":9}},"14":{"start":{"line":41,"column":10},"end":{"line":41,"column":30}},"15":{"start":{"line":43,"column":10},"end":{"line":43,"column":28}},"16":{"start":{"line":45,"column":8},"end":{"line":45,"column":19}},"17":{"start":{"line":50,"column":2},"end":{"line":103,"column":4}},"18":{"start":{"line":73,"column":12},"end":{"line":98,"column":18}},"19":{"start":{"line":83,"column":20},"end":{"line":94,"column":26}},"20":{"start":{"line":106,"column":0},"end":{"line":119,"column":2}}},"fnMap":{"0":{"name":"CarouselCards","decl":{"start":{"line":8,"column":24},"end":{"line":8,"column":37}},"loc":{"start":{"line":8,"column":55},"end":{"line":104,"column":1}},"line":8},"1":{"name":"(anonymous_1)","decl":{"start":{"line":15,"column":12},"end":{"line":15,"column":13}},"loc":{"start":{"line":15,"column":18},"end":{"line":29,"column":3}},"line":15},"2":{"name":"handleResize","decl":{"start":{"line":16,"column":13},"end":{"line":16,"column":25}},"loc":{"start":{"line":16,"column":28},"end":{"line":21,"column":5}},"line":16},"3":{"name":"(anonymous_3)","decl":{"start":{"line":28,"column":11},"end":{"line":28,"column":12}},"loc":{"start":{"line":28,"column":17},"end":{"line":28,"column":67}},"line":28},"4":{"name":"(anonymous_4)","decl":{"start":{"line":37,"column":4},"end":{"line":37,"column":5}},"loc":{"start":{"line":38,"column":6},"end":{"line":46,"column":12}},"line":38},"5":{"name":"(anonymous_5)","decl":{"start":{"line":38,"column":19},"end":{"line":38,"column":20}},"loc":{"start":{"line":38,"column":37},"end":{"line":46,"column":7}},"line":38},"6":{"name":"(anonymous_6)","decl":{"start":{"line":72,"column":29},"end":{"line":72,"column":30}},"loc":{"start":{"line":73,"column":12},"end":{"line":98,"column":18}},"line":73},"7":{"name":"(anonymous_7)","decl":{"start":{"line":82,"column":18},"end":{"line":82,"column":19}},"loc":{"start":{"line":83,"column":20},"end":{"line":94,"column":26}},"line":83}},"branchMap":{"0":{"loc":{"start":{"line":23,"column":4},"end":{"line":25,"column":5}},"type":"if","locations":[{"start":{"line":23,"column":4},"end":{"line":25,"column":5}},{"start":{"line":23,"column":4},"end":{"line":25,"column":5}}],"line":23},"1":{"loc":{"start":{"line":32,"column":4},"end":{"line":34,"column":56}},"type":"cond-expr","locations":[{"start":{"line":33,"column":8},"end":{"line":33,"column":9}},{"start":{"line":34,"column":8},"end":{"line":34,"column":56}}],"line":32},"2":{"loc":{"start":{"line":34,"column":8},"end":{"line":34,"column":56}},"type":"binary-expr","locations":[{"start":{"line":34,"column":8},"end":{"line":34,"column":51}},{"start":{"line":34,"column":55},"end":{"line":34,"column":56}}],"line":34},"3":{"loc":{"start":{"line":40,"column":8},"end":{"line":44,"column":9}},"type":"if","locations":[{"start":{"line":40,"column":8},"end":{"line":44,"column":9}},{"start":{"line":40,"column":8},"end":{"line":44,"column":9}}],"line":40},"4":{"loc":{"start":{"line":75,"column":42},"end":{"line":75,"column":65}},"type":"cond-expr","locations":[{"start":{"line":75,"column":52},"end":{"line":75,"column":60}},{"start":{"line":75,"column":63},"end":{"line":75,"column":65}}],"line":75}},"s":{"0":4,"1":4,"2":4,"3":2,"4":2,"5":2,"6":2,"7":2,"8":2,"9":4,"10":4,"11":2,"12":12,"13":12,"14":0,"15":12,"16":12,"17":4,"18":24,"19":24,"20":3},"f":{"0":4,"1":2,"2":2,"3":2,"4":2,"5":12,"6":24,"7":24},"b":{"0":[2,0],"1":[0,4],"2":[4,4],"3":[0,12],"4":[4,20]},"_coverageSchema":"1a1c01bbd47fc00a2c39e90264f33305004495a9","hash":"b3057af7d90d703e8075cbdc859d9ebf1978ef62"}
,"C:\\Users\\patri\\Downloads\\Women-in-Technology\\website\\src\\components\\CarouselComponent\\CarouselComponent.js": {"path":"C:\\Users\\patri\\Downloads\\Women-in-Technology\\website\\src\\components\\CarouselComponent\\CarouselComponent.js","statementMap":{"0":{"start":{"line":11,"column":2},"end":{"line":52,"column":4}}},"fnMap":{"0":{"name":"ControlledCarousel","decl":{"start":{"line":10,"column":24},"end":{"line":10,"column":42}},"loc":{"start":{"line":10,"column":45},"end":{"line":53,"column":1}},"line":10}},"branchMap":{},"s":{"0":2},"f":{"0":2},"b":{},"_coverageSchema":"1a1c01bbd47fc00a2c39e90264f33305004495a9","hash":"7d2478951174623ac639c9673902dec2efa696e3"}
,"C:\\Users\\patri\\Downloads\\Women-in-Technology\\website\\src\\components\\ComputerScienceSection\\index.js": {"path":"C:\\Users\\patri\\Downloads\\Women-in-Technology\\website\\src\\components\\ComputerScienceSection\\index.js","statementMap":{"0":{"start":{"line":13,"column":14},"end":{"line":60,"column":1}},"1":{"start":{"line":63,"column":2},"end":{"line":80,"column":4}}},"fnMap":{"0":{"name":"ComputerScienceSection","decl":{"start":{"line":62,"column":24},"end":{"line":62,"column":46}},"loc":{"start":{"line":62,"column":49},"end":{"line":81,"column":1}},"line":62}},"branchMap":{},"s":{"0":2,"1":1},"f":{"0":1},"b":{},"_coverageSchema":"1a1c01bbd47fc00a2c39e90264f33305004495a9","hash":"cc720d5b708ce3d6206d6aff7a278e366624da50"}
,"C:\\Users\\patri\\Downloads\\Women-in-Technology\\website\\src\\components\\Divider\\index.js": {"path":"C:\\Users\\patri\\Downloads\\Women-in-Technology\\website\\src\\components\\Divider\\index.js","statementMap":{"0":{"start":{"line":5,"column":2},"end":{"line":16,"column":4}}},"fnMap":{"0":{"name":"Divider","decl":{"start":{"line":4,"column":24},"end":{"line":4,"column":31}},"loc":{"start":{"line":4,"column":34},"end":{"line":17,"column":1}},"line":4}},"branchMap":{},"s":{"0":6},"f":{"0":6},"b":{},"_coverageSchema":"1a1c01bbd47fc00a2c39e90264f33305004495a9","hash":"c9aea862de4656c4a612c78bd54fd48237ed4b9a"}
,"C:\\Users\\patri\\Downloads\\Women-in-Technology\\website\\src\\components\\Footer\\Footer.js": {"path":"C:\\Users\\patri\\Downloads\\Women-in-Technology\\website\\src\\components\\Footer\\Footer.js","statementMap":{"0":{"start":{"line":14,"column":2},"end":{"line":108,"column":4}}},"fnMap":{"0":{"name":"Footer","decl":{"start":{"line":13,"column":24},"end":{"line":13,"column":30}},"loc":{"start":{"line":13,"column":33},"end":{"line":109,"column":1}},"line":13}},"branchMap":{},"s":{"0":2},"f":{"0":2},"b":{},"_coverageSchema":"1a1c01bbd47fc00a2c39e90264f33305004495a9","hash":"d669ce66d96d495cebd5fa8d1384a55f408bc719"}
,"C:\\Users\\patri\\Downloads\\Women-in-Technology\\website\\src\\components\\Github\\Githubcomponent.js": {"path":"C:\\Users\\patri\\Downloads\\Women-in-Technology\\website\\src\\components\\Github\\Githubcomponent.js","statementMap":{"0":{"start":{"line":9,"column":2},"end":{"line":21,"column":4}},"1":{"start":{"line":16,"column":12},"end":{"line":16,"column":54}},"2":{"start":{"line":24,"column":23},"end":{"line":49,"column":1}},"3":{"start":{"line":25,"column":2},"end":{"line":48,"column":8}}},"fnMap":{"0":{"name":"Githubcomponent","decl":{"start":{"line":8,"column":24},"end":{"line":8,"column":39}},"loc":{"start":{"line":8,"column":42},"end":{"line":22,"column":1}},"line":8},"1":{"name":"(anonymous_1)","decl":{"start":{"line":15,"column":27},"end":{"line":15,"column":28}},"loc":{"start":{"line":16,"column":12},"end":{"line":16,"column":54}},"line":16},"2":{"name":"(anonymous_2)","decl":{"start":{"line":24,"column":23},"end":{"line":24,"column":24}},"loc":{"start":{"line":25,"column":2},"end":{"line":48,"column":8}},"line":25}},"branchMap":{},"s":{"0":1,"1":14,"2":2,"3":14},"f":{"0":1,"1":14,"2":14},"b":{},"_coverageSchema":"1a1c01bbd47fc00a2c39e90264f33305004495a9","hash":"02f7677d035513dfb94757b49944d2c3517a2ce3"}
,"C:\\Users\\patri\\Downloads\\Women-in-Technology\\website\\src\\components\\Header\\Header.js": {"path":"C:\\Users\\patri\\Downloads\\Women-in-Technology\\website\\src\\components\\Header\\Header.js","statementMap":{"0":{"start":{"line":8,"column":4},"end":{"line":167,"column":4}}},"fnMap":{"0":{"name":"Header","decl":{"start":{"line":7,"column":24},"end":{"line":7,"column":30}},"loc":{"start":{"line":7,"column":33},"end":{"line":168,"column":1}},"line":7}},"branchMap":{},"s":{"0":2},"f":{"0":2},"b":{},"_coverageSchema":"1a1c01bbd47fc00a2c39e90264f33305004495a9","hash":"48bcb81593a3136138427710cb318cb9300844d3"}
,"C:\\Users\\patri\\Downloads\\Women-in-Technology\\website\\src\\components\\Inspirational\\Inspirational.js": {"path":"C:\\Users\\patri\\Downloads\\Women-in-Technology\\website\\src\\components\\Inspirational\\Inspirational.js","statementMap":{"0":{"start":{"line":14,"column":16},"end":{"line":71,"column":1}},"1":{"start":{"line":74,"column":2},"end":{"line":255,"column":3}}},"fnMap":{"0":{"name":"Inspirational","decl":{"start":{"line":73,"column":24},"end":{"line":73,"column":37}},"loc":{"start":{"line":73,"column":40},"end":{"line":256,"column":1}},"line":73}},"branchMap":{},"s":{"0":2,"1":1},"f":{"0":1},"b":{},"_coverageSchema":"1a1c01bbd47fc00a2c39e90264f33305004495a9","hash":"b0d8085c25394d7bf21671a6eeb50d78a6f46f4d"}
,"C:\\Users\\patri\\Downloads\\Women-in-Technology\\website\\src\\components\\Resources\\resourcesComponent.js": {"path":"C:\\Users\\patri\\Downloads\\Women-in-Technology\\website\\src\\components\\Resources\\resourcesComponent.js","statementMap":{"0":{"start":{"line":12,"column":2},"end":{"line":91,"column":4}},"1":{"start":{"line":32,"column":12},"end":{"line":34,"column":13}},"2":{"start":{"line":33,"column":14},"end":{"line":33,"column":66}},"3":{"start":{"line":35,"column":12},"end":{"line":35,"column":24}},"4":{"start":{"line":40,"column":12},"end":{"line":42,"column":13}},"5":{"start":{"line":41,"column":14},"end":{"line":41,"column":66}},"6":{"start":{"line":43,"column":12},"end":{"line":43,"column":24}},"7":{"start":{"line":64,"column":12},"end":{"line":64,"column":77}},"8":{"start":{"line":64,"column":27},"end":{"line":64,"column":77}},"9":{"start":{"line":65,"column":12},"end":{"line":65,"column":24}},"10":{"start":{"line":71,"column":12},"end":{"line":71,"column":88}},"11":{"start":{"line":71,"column":38},"end":{"line":71,"column":88}},"12":{"start":{"line":72,"column":12},"end":{"line":72,"column":24}},"13":{"start":{"line":94,"column":23},"end":{"line":122,"column":1}},"14":{"start":{"line":95,"column":2},"end":{"line":121,"column":6}},"15":{"start":{"line":124,"column":25},"end":{"line":158,"column":1}},"16":{"start":{"line":128,"column":3},"end":{"line":157,"column":6}}},"fnMap":{"0":{"name":"ResourcesComponent","decl":{"start":{"line":11,"column":24},"end":{"line":11,"column":42}},"loc":{"start":{"line":11,"column":45},"end":{"line":92,"column":1}},"line":11},"1":{"name":"(anonymous_1)","decl":{"start":{"line":31,"column":21},"end":{"line":31,"column":22}},"loc":{"start":{"line":31,"column":38},"end":{"line":36,"column":11}},"line":31},"2":{"name":"(anonymous_2)","decl":{"start":{"line":39,"column":21},"end":{"line":39,"column":22}},"loc":{"start":{"line":39,"column":38},"end":{"line":44,"column":11}},"line":39},"3":{"name":"(anonymous_3)","decl":{"start":{"line":63,"column":30},"end":{"line":63,"column":31}},"loc":{"start":{"line":63,"column":47},"end":{"line":66,"column":11}},"line":63},"4":{"name":"(anonymous_4)","decl":{"start":{"line":70,"column":27},"end":{"line":70,"column":28}},"loc":{"start":{"line":70,"column":44},"end":{"line":73,"column":11}},"line":70},"5":{"name":"(anonymous_5)","decl":{"start":{"line":94,"column":23},"end":{"line":94,"column":24}},"loc":{"start":{"line":95,"column":2},"end":{"line":121,"column":6}},"line":95},"6":{"name":"(anonymous_6)","decl":{"start":{"line":124,"column":25},"end":{"line":124,"column":26}},"loc":{"start":{"line":128,"column":3},"end":{"line":157,"column":6}},"line":128}},"branchMap":{"0":{"loc":{"start":{"line":32,"column":12},"end":{"line":34,"column":13}},"type":"if","locations":[{"start":{"line":32,"column":12},"end":{"line":34,"column":13}},{"start":{"line":32,"column":12},"end":{"line":34,"column":13}}],"line":32},"1":{"loc":{"start":{"line":40,"column":12},"end":{"line":42,"column":13}},"type":"if","locations":[{"start":{"line":40,"column":12},"end":{"line":42,"column":13}},{"start":{"line":40,"column":12},"end":{"line":42,"column":13}}],"line":40},"2":{"loc":{"start":{"line":64,"column":12},"end":{"line":64,"column":77}},"type":"if","locations":[{"start":{"line":64,"column":12},"end":{"line":64,"column":77}},{"start":{"line":64,"column":12},"end":{"line":64,"column":77}}],"line":64},"3":{"loc":{"start":{"line":71,"column":12},"end":{"line":71,"column":88}},"type":"if","locations":[{"start":{"line":71,"column":12},"end":{"line":71,"column":88}},{"start":{"line":71,"column":12},"end":{"line":71,"column":88}}],"line":71}},"s":{"0":2,"1":26,"2":4,"3":22,"4":26,"5":4,"6":22,"7":28,"8":4,"9":24,"10":28,"11":4,"12":24,"13":2,"14":4,"15":2,"16":4},"f":{"0":2,"1":26,"2":26,"3":28,"4":28,"5":4,"6":4},"b":{"0":[4,22],"1":[4,22],"2":[4,24],"3":[4,24]},"_coverageSchema":"1a1c01bbd47fc00a2c39e90264f33305004495a9","hash":"718d809accd2b127779cfca44c3f24868d62143b"}
,"C:\\Users\\patri\\Downloads\\Women-in-Technology\\website\\src\\components\\Subscribe\\index.js": {"path":"C:\\Users\\patri\\Downloads\\Women-in-Technology\\website\\src\\components\\Subscribe\\index.js","statementMap":{"0":{"start":{"line":6,"column":23},"end":{"line":6,"column":57}},"1":{"start":{"line":9,"column":4},"end":{"line":9,"column":33}},"2":{"start":{"line":13,"column":2},"end":{"line":52,"column":4}},"3":{"start":{"line":34,"column":12},"end":{"line":34,"column":31}},"4":{"start":{"line":35,"column":12},"end":{"line":35,"column":35}},"5":{"start":{"line":46,"column":12},"end":{"line":46,"column":31}},"6":{"start":{"line":47,"column":12},"end":{"line":47,"column":35}}},"fnMap":{"0":{"name":"goTo","decl":{"start":{"line":8,"column":9},"end":{"line":8,"column":13}},"loc":{"start":{"line":8,"column":20},"end":{"line":10,"column":1}},"line":8},"1":{"name":"Subscribe","decl":{"start":{"line":12,"column":24},"end":{"line":12,"column":33}},"loc":{"start":{"line":12,"column":36},"end":{"line":53,"column":1}},"line":12},"2":{"name":"(anonymous_2)","decl":{"start":{"line":33,"column":19},"end":{"line":33,"column":20}},"loc":{"start":{"line":33,"column":26},"end":{"line":36,"column":13}},"line":33},"3":{"name":"(anonymous_3)","decl":{"start":{"line":45,"column":19},"end":{"line":45,"column":20}},"loc":{"start":{"line":45,"column":26},"end":{"line":48,"column":11}},"line":45}},"branchMap":{},"s":{"0":2,"1":2,"2":13,"3":1,"4":1,"5":1,"6":1},"f":{"0":2,"1":13,"2":1,"3":1},"b":{},"_coverageSchema":"1a1c01bbd47fc00a2c39e90264f33305004495a9","hash":"214fae39682651e70195ef0d358178285ec8a711"}
,"C:\\Users\\patri\\Downloads\\Women-in-Technology\\website\\src\\components\\inforgraphic\\infographics.js": {"path":"C:\\Users\\patri\\Downloads\\Women-in-Technology\\website\\src\\components\\inforgraphic\\infographics.js","statementMap":{"0":{"start":{"line":20,"column":15},"end":{"line":47,"column":1}},"1":{"start":{"line":51,"column":2},"end":{"line":129,"column":4}},"2":{"start":{"line":60,"column":9},"end":{"line":92,"column":15}}},"fnMap":{"0":{"name":"infographics","decl":{"start":{"line":50,"column":24},"end":{"line":50,"column":36}},"loc":{"start":{"line":50,"column":39},"end":{"line":130,"column":1}},"line":50},"1":{"name":"(anonymous_1)","decl":{"start":{"line":58,"column":19},"end":{"line":58,"column":20}},"loc":{"start":{"line":60,"column":9},"end":{"line":92,"column":15}},"line":60}},"branchMap":{},"s":{"0":3,"1":4,"2":16},"f":{"0":4,"1":16},"b":{},"_coverageSchema":"1a1c01bbd47fc00a2c39e90264f33305004495a9","hash":"3f0cdb445a03d98e863c80cefb520452f495977c"}
}
