TN:
SF:src\App.js
FN:20,App
FNF:1
FNH:1
FNDA:2,App
DA:21,2
LF:1
LH:1
BRF:0
BRH:0
end_of_record
TN:
SF:src\components\DarkMode.js
FN:4,(anonymous_0)
FN:21,(anonymous_1)
FN:40,(anonymous_2)
FNF:3
FNH:3
FNDA:5,(anonymous_0)
FNDA:2,(anonymous_1)
FNDA:2,(anonymous_2)
DA:4,3
DA:5,5
DA:6,5
DA:7,5
DA:8,5
DA:11,5
DA:12,5
DA:15,5
DA:16,1
DA:18,4
DA:21,5
DA:22,2
DA:23,1
DA:24,1
DA:25,1
DA:26,1
DA:28,1
DA:29,1
DA:30,1
DA:31,1
DA:35,5
DA:40,2
LF:22
LH:22
BRDA:11,0,0,5
BRDA:11,0,1,0
BRDA:15,1,0,1
BRDA:15,1,1,4
BRDA:15,2,0,5
BRDA:15,2,1,5
BRDA:22,3,0,1
BRDA:22,3,1,1
BRDA:37,4,0,1
BRDA:37,4,1,4
BRF:10
BRH:9
end_of_record
TN:
SF:src\components\Articles\Articles.js
FN:5,ArticlesComponent
FN:12,(anonymous_1)
FN:21,(anonymous_2)
FNF:3
FNH:3
FNDA:1,ArticlesComponent
FNDA:13,(anonymous_1)
FNDA:13,(anonymous_2)
DA:6,1
DA:13,13
DA:21,2
DA:22,13
LF:4
LH:4
BRF:0
BRH:0
end_of_record
TN:
SF:src\components\BeginnersLinks\BeginnersLinks.js
FN:6,BeginnersLinks
FNF:1
FNH:1
FNDA:1,BeginnersLinks
DA:7,1
LF:1
LH:1
BRF:0
BRH:0
end_of_record
TN:
SF:src\components\Card\index.js
FN:5,Card
FNF:1
FNH:1
FNDA:25,Card
DA:14,25
DA:46,4
LF:2
LH:2
BRDA:16,0,0,25
BRDA:16,0,1,1
BRDA:19,1,0,25
BRDA:19,1,1,1
BRF:4
BRH:4
end_of_record
TN:
SF:src\components\CarouselCards\index.js
FN:8,CarouselCards
FN:15,(anonymous_1)
FN:16,handleResize
FN:28,(anonymous_3)
FN:37,(anonymous_4)
FN:38,(anonymous_5)
FN:72,(anonymous_6)
FN:82,(anonymous_7)
FNF:8
FNH:8
FNDA:4,CarouselCards
FNDA:2,(anonymous_1)
FNDA:2,handleResize
FNDA:2,(anonymous_3)
FNDA:2,(anonymous_4)
FNDA:12,(anonymous_5)
FNDA:24,(anonymous_6)
FNDA:24,(anonymous_7)
DA:9,4
DA:10,4
DA:15,4
DA:17,2
DA:23,2
DA:24,2
DA:27,2
DA:28,2
DA:32,4
DA:36,4
DA:38,2
DA:39,12
DA:40,12
DA:41,0
DA:43,12
DA:45,12
DA:50,4
DA:73,24
DA:83,24
DA:106,3
LF:20
LH:19
BRDA:23,0,0,2
BRDA:23,0,1,0
BRDA:32,1,0,0
BRDA:32,1,1,4
BRDA:34,2,0,4
BRDA:34,2,1,4
BRDA:40,3,0,0
BRDA:40,3,1,12
BRDA:75,4,0,4
BRDA:75,4,1,20
BRF:10
BRH:7
end_of_record
TN:
SF:src\components\CarouselComponent\CarouselComponent.js
FN:10,ControlledCarousel
FNF:1
FNH:1
FNDA:2,ControlledCarousel
DA:11,2
LF:1
LH:1
BRF:0
BRH:0
end_of_record
TN:
SF:src\components\ComputerScienceSection\index.js
FN:62,ComputerScienceSection
FNF:1
FNH:1
FNDA:1,ComputerScienceSection
DA:13,2
DA:63,1
LF:2
LH:2
BRF:0
BRH:0
end_of_record
TN:
SF:src\components\Divider\index.js
FN:4,Divider
FNF:1
FNH:1
FNDA:6,Divider
DA:5,6
LF:1
LH:1
BRF:0
BRH:0
end_of_record
TN:
SF:src\components\Footer\Footer.js
FN:13,Footer
FNF:1
FNH:1
FNDA:2,Footer
DA:14,2
LF:1
LH:1
BRF:0
BRH:0
end_of_record
TN:
SF:src\components\Github\Githubcomponent.js
FN:8,Githubcomponent
FN:15,(anonymous_1)
FN:24,(anonymous_2)
FNF:3
FNH:3
FNDA:1,Githubcomponent
FNDA:14,(anonymous_1)
FNDA:14,(anonymous_2)
DA:9,1
DA:16,14
DA:24,2
DA:25,14
LF:4
LH:4
BRF:0
BRH:0
end_of_record
TN:
SF:src\components\Header\Header.js
FN:7,Header
FNF:1
FNH:1
FNDA:2,Header
DA:8,2
LF:1
LH:1
BRF:0
BRH:0
end_of_record
TN:
SF:src\components\Inspirational\Inspirational.js
FN:73,Inspirational
FNF:1
FNH:1
FNDA:1,Inspirational
DA:14,2
DA:74,1
LF:2
LH:2
BRF:0
BRH:0
end_of_record
TN:
SF:src\components\Resources\resourcesComponent.js
FN:11,ResourcesComponent
FN:31,(anonymous_1)
FN:39,(anonymous_2)
FN:63,(anonymous_3)
FN:70,(anonymous_4)
FN:94,(anonymous_5)
FN:124,(anonymous_6)
FNF:7
FNH:7
FNDA:2,ResourcesComponent
FNDA:26,(anonymous_1)
FNDA:26,(anonymous_2)
FNDA:28,(anonymous_3)
FNDA:28,(anonymous_4)
FNDA:4,(anonymous_5)
FNDA:4,(anonymous_6)
DA:12,2
DA:32,26
DA:33,4
DA:35,22
DA:40,26
DA:41,4
DA:43,22
DA:64,28
DA:65,24
DA:71,28
DA:72,24
DA:94,2
DA:95,4
DA:124,2
DA:128,4
LF:15
LH:15
BRDA:32,0,0,4
BRDA:32,0,1,22
BRDA:40,1,0,4
BRDA:40,1,1,22
BRDA:64,2,0,4
BRDA:64,2,1,24
BRDA:71,3,0,4
BRDA:71,3,1,24
BRF:8
BRH:8
end_of_record
TN:
SF:src\components\Subscribe\index.js
FN:8,goTo
FN:12,Subscribe
FN:33,(anonymous_2)
FN:45,(anonymous_3)
FNF:4
FNH:4
FNDA:2,goTo
FNDA:13,Subscribe
FNDA:1,(anonymous_2)
FNDA:1,(anonymous_3)
DA:6,2
DA:9,2
DA:13,13
DA:34,1
DA:35,1
DA:46,1
DA:47,1
LF:7
LH:7
BRF:0
BRH:0
end_of_record
TN:
SF:src\components\inforgraphic\infographics.js
FN:50,infographics
FN:58,(anonymous_1)
FNF:2
FNH:2
FNDA:4,infographics
FNDA:16,(anonymous_1)
DA:20,3
DA:51,4
DA:60,16
LF:3
LH:3
BRF:0
BRH:0
end_of_record
